<?xml version="1.0" encoding="utf-8"?><testsuites name="pytest tests"><testsuite name="pytest" errors="0" failures="0" skipped="0" tests="41" time="5.992" timestamp="2026-07-08T15:52:32.762994+00:00" hostname="agent-env-7de1af71-1971-436a-913c-582a0d269bfc"><testcase classname="tests.backend_test.TestAuth" name="test_login_admin" time="0.632" /><testcase classname="tests.backend_test.TestSegmentos" name="test_list_segments_have_counts" time="0.638" /><testcase classname="tests.backend_test.TestAuth" name="test_login_wrong_password" time="0.318" /><testcase classname="tests.backend_test.TestSegmentos" name="test_create_segment" time="0.040" /><testcase classname="tests.backend_test.TestSegmentos" name="test_generar_ips_rn04" time="0.271" /><testcase classname="tests.backend_test.TestAuth" name="test_login_tecnico" time="0.305" /><testcase classname="tests.backend_test.TestSegmentos" name="test_generar_ips_rn03_duplicate" time="0.077" /><testcase classname="tests.backend_test.TestSegmentos" name="test_ips_count_persisted" time="0.230" /><testcase classname="tests.backend_test.TestAuth" name="test_login_consulta" time="0.365" /><testcase classname="tests.backend_test.TestSegmentos" name="test_authorize_departments_rn01" time="0.320" /><testcase classname="tests.backend_test.TestDepartamentos" name="test_list" time="0.071" /><testcase classname="tests.backend_test.TestDepartamentos" name="test_create" time="0.080" /><testcase classname="tests.backend_test.TestDepartamentos" name="test_update" time="0.300" /><testcase classname="tests.backend_test.TestAuth" name="test_bcrypt_hash_format" time="0.397" /><testcase classname="tests.backend_test.TestAuth" name="test_me_requires_token" time="0.093" /><testcase classname="tests.backend_test.TestDepartamentos" name="test_search_pagination" time="0.078" /><testcase classname="tests.backend_test.TestDepartamentos" name="test_delete" time="0.052" /><testcase classname="tests.backend_test.TestIPs" name="test_list_filter_estado" time="0.266" /><testcase classname="tests.backend_test.TestRBAC" name="test_consulta_cannot_write_departamentos" time="0.358" /><testcase classname="tests.backend_test.TestIPs" name="test_search_by_ip" time="0.051" /><testcase classname="tests.backend_test.TestRBAC" name="test_consulta_cannot_access_usuarios" time="0.038" /><testcase classname="tests.backend_test.TestIPs" name="test_change_state_reservada_and_back" time="0.521" /><testcase classname="tests.backend_test.TestRBAC" name="test_tecnico_cannot_access_usuarios" time="0.383" /><testcase classname="tests.backend_test.TestRBAC" name="test_consulta_can_read_dashboard" time="0.063" /><testcase classname="tests.backend_test.TestExport" name="test_export[ips/excel-spreadsheetml]" time="0.161" /><testcase classname="tests.backend_test.TestIPs" name="test_history_of_ip" time="0.157" /><testcase classname="tests.backend_test.TestExport" name="test_export[ips/pdf-application/pdf]" time="0.780" /><testcase classname="tests.backend_test.TestUsuarios" name="test_create_user" time="0.413" /><testcase classname="tests.backend_test.TestUsuarios" name="test_change_password" time="0.283" /><testcase classname="tests.backend_test.TestUsuarios" name="test_deactivate" time="0.045" /><testcase classname="tests.backend_test.TestExport" name="test_export[asignaciones/pdf-application/pdf]" time="0.050" /><testcase classname="tests.backend_test.TestUsuarios" name="test_cannot_delete_admin" time="0.207" /><testcase classname="tests.backend_test.TestExport" name="test_export[bitacora/excel-spreadsheetml]" time="0.046" /><testcase classname="tests.backend_test.TestBitacora" name="test_bitacora_has_login" time="0.043" /><testcase classname="tests.backend_test.TestBitacora" name="test_bitacora_has_alta" time="0.037" /><testcase classname="tests.backend_test.TestDashboard" name="test_dashboard_structure" time="0.063" /><testcase classname="tests.backend_test.TestEquipos" name="test_create_telefono_ip" time="0.210" /><testcase classname="tests.backend_test.TestSecciones" name="test_create_with_dep" time="0.157" /><testcase classname="tests.backend_test.TestAsignaciones" name="test_assign_full_flow" time="1.013" /><testcase classname="tests.backend_test.TestEquipos" name="test_list_filter_telefono" time="0.084" /><testcase classname="tests.backend_test.TestEquipos" name="test_update_and_delete" time="0.223" /></testsuite></testsuites>